[ 2012-11-22T23:49:46+08:00 ] 127.0.0.1 /Project/Index.php
INFO: [ app_begin ] --START--
INFO: Run ReadHtmlCache Behavior [ RunTime:0.001440s ]
INFO: [ app_begin ] --END-- [ RunTime:0.001719s ]
INFO: [ view_parse ] --START--
INFO: Run ParseTemplate Behavior [ RunTime:-0.042222s ]
INFO: [ view_parse ] --END-- [ RunTime:0.022385s ]
INFO: [ view_filter ] --START--
INFO: Run ContentReplace Behavior [ RunTime:-0.064647s ]
INFO: Run TokenBuild Behavior [ RunTime:-0.066549s ]
INFO: Run WriteHtmlCache Behavior [ RunTime:-0.067549s ]
INFO: Run ShowRuntime Behavior [ RunTime:-0.068290s ]
INFO: [ view_filter ] --END-- [ RunTime:0.006188s ]
INFO: [ view_end ] --START--
INFO: Run ShowPageTrace Behavior [ RunTime:-0.070954s ]
INFO: [ view_end ] --END-- [ RunTime:0.001518s ]

[ 2012-11-22T23:52:23+08:00 ] ERR: (ThinkException) 无法加载模块:Login
[ 2012-11-22T23:54:37+08:00 ] ERR: (ThinkException) 无法加载模块:addUser
[ 2012-11-22T23:54:49+08:00 ] ERR: (ThinkException) 无法加载模块:Login
[ 2012-11-22T23:54:58+08:00 ] ERR: (ThinkException) 无法加载模块:Login
[ 2012-11-22T23:58:35+08:00 ] ERR: (ThinkException) 无法加载模块:Login
[ 2012-11-22T23:58:40+08:00 ] ERR: (ThinkException) 非法操作:index
