[ 2012-11-25T00:30:05+08:00 ] ERR: (ThinkException) Table 'mydatabase.think_user' doesn't exist
 [ SQL语句 ] : SHOW COLUMNS FROM `think_user`
[ 2012-11-25T00:30:06+08:00 ] ERR: (ThinkException) Table 'mydatabase.think_user' doesn't exist
 [ SQL语句 ] : SHOW COLUMNS FROM `think_user`
[ 2012-11-25T00:33:57+08:00 ] ERR: [1] Call to a member function select() on a non-object D:\DocumentRoot\Project\Lib\Action\OnlineAction.class.php 第 15 行.
[ 2012-11-25T00:59:19+08:00 ] ERR: (ThinkException) 非法操作:index
[ 2012-11-25T00:59:52+08:00 ] ERR: (ThinkException) 非法操作:index
[ 2012-11-25T01:00:05+08:00 ] ERR: (ThinkException) 非法操作:index
[ 2012-11-25T01:06:56+08:00 ] ERR: (ThinkException) 非法操作:insert
[ 2012-11-25T01:08:01+08:00 ] ERR: (ThinkException) 无法加载模块:read
[ 2012-11-25T01:08:04+08:00 ] ERR: (ThinkException) 无法加载模块:add
[ 2012-11-25T01:08:07+08:00 ] ERR: (ThinkException) 非法操作:index
[ 2012-11-25T01:08:14+08:00 ] ERR: (ThinkException) 非法操作:index
[ 2012-11-25T01:09:29+08:00 ] ERR: (ThinkException) 无法加载模块:add
[ 2012-11-25T01:16:38+08:00 ] ERR: [4] syntax error, unexpected '}' D:\DocumentRoot\Project\Lib\Action\FormAction.class.php 第 23 行.
[ 2012-11-25T01:16:53+08:00 ] ERR: (ThinkException) Table 'mydatabase.think_form' doesn't exist
 [ SQL语句 ] : SHOW COLUMNS FROM `think_form`
[ 2012-11-25T01:17:36+08:00 ] ERR: (ThinkException) No database selected
 [ SQL语句 ] : SHOW COLUMNS FROM `think_form`
[ 2012-11-25T01:18:18+08:00 ] ERR: (ThinkException) No database selected
 [ SQL语句 ] : SHOW COLUMNS FROM `think_form`
[ 2012-11-25T01:19:56+08:00 ] ERR: (ThinkException) 非法操作:index
[ 2012-11-25T01:22:26+08:00 ] ERR: (ThinkException) 非法操作:onlineSearc
[ 2012-11-25T02:38:32+08:00 ] ERR: (ThinkException) Action:diplay您所请求的方法不存在！
[ 2012-11-25T02:38:39+08:00 ] ERR: (ThinkException) 模板不存在[D:/DocumentRoot/Project/Tpl/Online/onlineSearch.html]
[ 2012-11-25T22:07:29+08:00 ] ERR: (ThinkException) 无法加载模块:Online
[ 2012-11-25T22:07:36+08:00 ] ERR: (ThinkException) 非法操作:index
[ 2012-11-25T22:07:42+08:00 ] ERR: (ThinkException) 非法操作:index
[ 2012-11-25T22:28:44+08:00 ] ERR: [1] Cannot use object of type Model as array D:\DocumentRoot\Project\Lib\Action\TestAction.class.php 第 15 行.
[ 2012-11-25T22:28:47+08:00 ] ERR: (ThinkException) 非法操作:index
[ 2012-11-25T22:28:49+08:00 ] ERR: [1] Cannot use object of type Model as array D:\DocumentRoot\Project\Lib\Action\TestAction.class.php 第 15 行.
[ 2012-11-25T22:29:30+08:00 ] ERR: [1] Cannot use object of type Model as array D:\DocumentRoot\Project\Lib\Action\TestAction.class.php 第 14 行.
[ 2012-11-25T23:23:15+08:00 ] ERR: (ThinkException) 非法操作:index
[ 2012-11-25T23:43:52+08:00 ] ERR: (ThinkException) 模板不存在[D:/DocumentRoot/Project/Tpl/Online/homepage.html]
[ 2012-11-25T23:53:03+08:00 ] ERR: (ThinkException) Not unique table/alias: 'activity_attri'
 [ SQL语句 ] : SELECT * FROM activity activity,`activity_attri`,`activity_attri` WHERE number.activity_attri =number_activity 
[ 2012-11-25T23:53:24+08:00 ] ERR: (ThinkException) Unknown column 'number.activity_attri' in 'where clause'
 [ SQL语句 ] : SELECT * FROM `activity`,`activity_attri` WHERE number.activity_attri =number_activity 
