[ 2012-11-26T00:05:24+08:00 ] ERR: (ThinkException) 无法加载模块:Search
[ 2012-11-26T00:11:08+08:00 ] ERR: [1] Call to a member function table() on a non-object D:\DocumentRoot\Project\Lib\Action\SearchAction.class.php 第 19 行.
[ 2012-11-26T00:23:56+08:00 ] ERR: (ThinkException) Unknown column 'activity_attri.walfare' in 'where clause'
 [ SQL语句 ] : SELECT * FROM `activity`,`activity_attri` WHERE activity_attri.number = activity.number and activity_attri.walfare = 1 
[ 2012-11-26T10:11:36+08:00 ] ERR: (ThinkException) 无法加载模块:Online
[ 2012-11-26T10:11:46+08:00 ] ERR: (ThinkException) 无法加载模块:Homepage
[ 2012-11-26T10:11:50+08:00 ] ERR: (ThinkException) 无法加载模块:Homepage
[ 2012-11-26T10:11:54+08:00 ] ERR: (ThinkException) 无法加载模块:Homepage
[ 2012-11-26T22:19:23+08:00 ] ERR: [1] Call to a member function where() on a non-object D:\DocumentRoot\Project\Lib\Action\SearchAction.class.php 第 95 行.
[ 2012-11-26T22:24:35+08:00 ] ERR: [4] syntax error, unexpected '=' D:\DocumentRoot\Project\Lib\Action\SearchAction.class.php 第 96 行.
[ 2012-11-26T22:34:24+08:00 ] ERR: [1] Call to undefined function gettime() D:\DocumentRoot\Project\Lib\Action\SearchAction.class.php 第 94 行.
[ 2012-11-26T22:34:32+08:00 ] ERR: [1] Call to undefined function gettimeday() D:\DocumentRoot\Project\Lib\Action\SearchAction.class.php 第 94 行.
[ 2012-11-26T22:36:12+08:00 ] ERR: [1] Call to a member function where() on a non-object D:\DocumentRoot\Project\Lib\Action\SearchAction.class.php 第 95 行.
[ 2012-11-26T22:43:26+08:00 ] ERR: [1] Call to a member function where() on a non-object D:\DocumentRoot\Project\Lib\Action\SearchAction.class.php 第 95 行.
[ 2012-11-26T22:46:38+08:00 ] ERR: [4] syntax error, unexpected ';', expecting T_FUNCTION D:\DocumentRoot\Project\Lib\Action\SearchAction.class.php 第 111 行.
[ 2012-11-26T22:46:58+08:00 ] ERR: [4] syntax error, unexpected ';', expecting T_FUNCTION D:\DocumentRoot\Project\Lib\Action\SearchAction.class.php 第 111 行.
[ 2012-11-26T22:47:12+08:00 ] ERR: [4] syntax error, unexpected $end, expecting T_FUNCTION D:\DocumentRoot\Project\Lib\Action\SearchAction.class.php 第 110 行.
[ 2012-11-26T22:47:27+08:00 ] ERR: [1] Call to undefined function data() D:\DocumentRoot\Project\Lib\Action\SearchAction.class.php 第 81 行.
[ 2012-11-26T22:47:57+08:00 ] ERR: [1] Call to undefined function data() D:\DocumentRoot\Project\Lib\Action\SearchAction.class.php 第 81 行.
[ 2012-11-26T22:48:04+08:00 ] ERR: [1] Call to undefined function getdata() D:\DocumentRoot\Project\Lib\Action\SearchAction.class.php 第 81 行.
[ 2012-11-26T22:49:12+08:00 ] ERR: [1] Call to a member function where() on a non-object D:\DocumentRoot\Project\Lib\Action\SearchAction.class.php 第 84 行.
[ 2012-11-26T22:49:33+08:00 ] ERR: [1] Call to a member function where() on a non-object D:\DocumentRoot\Project\Lib\Action\SearchAction.class.php 第 84 行.
[ 2012-11-26T22:53:07+08:00 ] ERR: [1] Call to a member function where() on a non-object D:\DocumentRoot\Project\Lib\Action\SearchAction.class.php 第 85 行.
[ 2012-11-26T22:53:08+08:00 ] ERR: [1] Call to a member function where() on a non-object D:\DocumentRoot\Project\Lib\Action\SearchAction.class.php 第 85 行.
[ 2012-11-26T22:54:10+08:00 ] ERR: [1] Call to a member function where() on a non-object D:\DocumentRoot\Project\Lib\Action\SearchAction.class.php 第 85 行.
[ 2012-11-26T22:54:32+08:00 ] ERR: [1] Call to a member function where() on a non-object D:\DocumentRoot\Project\Lib\Action\SearchAction.class.php 第 85 行.
[ 2012-11-26T22:54:35+08:00 ] ERR: [1] Call to a member function where() on a non-object D:\DocumentRoot\Project\Lib\Action\SearchAction.class.php 第 85 行.
[ 2012-11-26T22:55:05+08:00 ] ERR: [1] Call to a member function where() on a non-object D:\DocumentRoot\Project\Lib\Action\SearchAction.class.php 第 84 行.
[ 2012-11-26T22:55:59+08:00 ] ERR: [1] Call to a member function where() on a non-object D:\DocumentRoot\Project\Lib\Action\SearchAction.class.php 第 84 行.
[ 2012-11-26T22:56:01+08:00 ] ERR: [1] Call to a member function where() on a non-object D:\DocumentRoot\Project\Lib\Action\SearchAction.class.php 第 84 行.
[ 2012-11-26T22:57:43+08:00 ] ERR: [1] Call to a member function where() on a non-object D:\DocumentRoot\Project\Lib\Action\SearchAction.class.php 第 84 行.
[ 2012-11-26T22:58:46+08:00 ] ERR: [1] Call to a member function where() on a non-object D:\DocumentRoot\Project\Lib\Action\SearchAction.class.php 第 84 行.
[ 2012-11-26T22:58:54+08:00 ] ERR: [1] Call to a member function where() on a non-object D:\DocumentRoot\Project\Lib\Action\SearchAction.class.php 第 84 行.
[ 2012-11-26T22:59:18+08:00 ] ERR: [1] Call to a member function where() on a non-object D:\DocumentRoot\Project\Lib\Action\SearchAction.class.php 第 84 行.
[ 2012-11-26T23:00:49+08:00 ] ERR: (ThinkException) Unknown column '$date' in 'where clause'
 [ SQL语句 ] : SELECT * FROM `activity` WHERE time_start = $date 
[ 2012-11-26T23:01:41+08:00 ] ERR: (ThinkException) You have an error in your SQL syntax; check the manual that corresponds to your MySQL server version for the right syntax to use near ')' at line 1
 [ SQL语句 ] : SELECT * FROM `activity` WHERE time_start = date() 
[ 2012-11-26T23:20:18+08:00 ] ERR: (ThinkException) 非法操作:index
